[KPI::MAIN] START
Constructing BaseThread ...
[KPI::THREAD] START
Tue Jan 20 04:47:27 2015
Here is the message: Tue Jan 20 04:47:27 2015

Amount of Bytes received 26
Tue Jan 20 04:47:30 2015
Here is the message: Tue Jan 20 04:47:30 2015

Amount of Bytes received 26
Tue Jan 20 04:47:33 2015
Here is the message: Tue Jan 20 04:47:33 2015

Amount of Bytes received 26
Tue Jan 20 04:47:36 2015
Here is the message: Tue Jan 20 04:47:36 2015

Amount of Bytes received 26
Tue Jan 20 04:47:39 2015
Here is the message: Tue Jan 20 04:47:39 2015

Amount of Bytes received 26
Tue Jan 20 04:47:42 2015
Here is the message: Tue Jan 20 04:47:42 2015

Amount of Bytes received 26
Tue Jan 20 04:47:45 2015
Here is the message: Tue Jan 20 04:47:45 2015

Amount of Bytes received 26
Tue Jan 20 04:47:48 2015
Here is the message: Tue Jan 20 04:47:48 2015

Amount of Bytes received 26
Tue Jan 20 04:47:51 2015
Here is the message: Tue Jan 20 04:47:51 2015

Amount of Bytes received 26
Tue Jan 20 04:47:54 2015
Here is the message: Tue Jan 20 04:47:54 2015

Amount of Bytes received 26
Tue Jan 20 04:47:57 2015
Here is the message: Tue Jan 20 04:47:57 2015

Amount of Bytes received 26
Tue Jan 20 04:48:00 2015
Here is the message: Tue Jan 20 04:48:00 2015

Amount of Bytes received 26
Tue Jan 20 04:48:03 2015
Here is the message: Tue Jan 20 04:48:03 2015

Amount of Bytes received 26
Tue Jan 20 04:48:06 2015
Here is the message: Tue Jan 20 04:48:06 2015

Amount of Bytes received 26
Tue Jan 20 04:48:09 2015
Here is the message: Tue Jan 20 04:48:09 2015

Amount of Bytes received 26
Tue Jan 20 04:48:12 2015
Here is the message: Tue Jan 20 04:48:12 2015

Amount of Bytes received 26
Tue Jan 20 04:48:15 2015
Here is the message: Tue Jan 20 04:48:15 2015

Amount of Bytes received 26
Tue Jan 20 04:48:18 2015
Here is the message: Tue Jan 20 04:48:18 2015

Amount of Bytes received 26
Tue Jan 20 04:48:21 2015
Here is the message: Tue Jan 20 04:48:21 2015

Amount of Bytes received 26
Tue Jan 20 04:48:24 2015
Here is the message: Tue Jan 20 04:48:24 2015

Amount of Bytes received 26
Tue Jan 20 04:48:27 2015
Here is the message: Tue Jan 20 04:48:27 2015

Amount of Bytes received 26
Tue Jan 20 04:48:30 2015
Here is the message: Tue Jan 20 04:48:30 2015

Amount of Bytes received 26
Tue Jan 20 04:48:33 2015
Here is the message: Tue Jan 20 04:48:33 2015

Amount of Bytes received 26
Tue Jan 20 04:48:36 2015
Here is the message: Tue Jan 20 04:48:36 2015

Amount of Bytes received 26
Tue Jan 20 04:48:39 2015
Here is the message: Tue Jan 20 04:48:39 2015

Amount of Bytes received 26
Tue Jan 20 04:48:42 2015
Here is the message: Tue Jan 20 04:48:42 2015

Amount of Bytes received 26
Tue Jan 20 04:48:45 2015
Here is the message: Tue Jan 20 04:48:45 2015

Amount of Bytes received 26
Tue Jan 20 04:48:48 2015
Here is the message: Tue Jan 20 04:48:48 2015

Amount of Bytes received 26
Tue Jan 20 04:48:51 2015
Here is the message: Tue Jan 20 04:48:51 2015

Amount of Bytes received 26
Tue Jan 20 04:48:54 2015
Here is the message: Tue Jan 20 04:48:54 2015

Amount of Bytes received 26
Tue Jan 20 04:48:57 2015
Here is the message: Tue Jan 20 04:48:57 2015

Amount of Bytes received 26
Tue Jan 20 04:49:00 2015
Here is the message: Tue Jan 20 04:49:00 2015

Amount of Bytes received 26
Tue Jan 20 04:49:03 2015
Here is the message: Tue Jan 20 04:49:03 2015

Amount of Bytes received 26
Tue Jan 20 04:49:06 2015
Here is the message: Tue Jan 20 04:49:06 2015

Amount of Bytes received 26
Tue Jan 20 04:49:09 2015
Here is the message: Tue Jan 20 04:49:09 2015

Amount of Bytes received 26
Tue Jan 20 04:49:12 2015
Here is the message: Tue Jan 20 04:49:12 2015

Amount of Bytes received 26
Tue Jan 20 04:49:15 2015
Here is the message: Tue Jan 20 04:49:15 2015

Amount of Bytes received 26
Tue Jan 20 04:49:18 2015
Here is the message: Tue Jan 20 04:49:18 2015

Amount of Bytes received 26
Tue Jan 20 04:49:21 2015
Here is the message: Tue Jan 20 04:49:21 2015

Amount of Bytes received 26
Tue Jan 20 04:49:24 2015
Here is the message: Tue J[KPI::MAIN] START
Constructing BaseThread ...
[KPI::THREAD] START
Tue Jan 20 04:47:38 2015
Here is the message: Tue Jan 20 04:47:38 2015

Amount of Bytes received 26
Tue Jan 20 04:47:41 2015
Here is the message: Tue Jan 20 04:47:41 2015

Amount of Bytes received 26
Tue Jan 20 04:47:44 2015
Here is the message: Tue Jan 20 04:47:44 2015

Amount of Bytes received 26
Tue Jan 20 04:47:47 2015
Here is the message: Tue Jan 20 04:47:47 2015

Amount of Bytes received 26
Tue Jan 20 04:47:50 2015
Here is the message: Tue Jan 20 04:47:50 2015

Amount of Bytes received 26
Tue Jan 20 04:47:53 2015
Here is the message: Tue Jan 20 04:47:53 2015

Amount of Bytes received 26
Tue Jan 20 04:47:56 2015
Here is the message: Tue Jan 20 04:47:56 2015

Amount of Bytes received 26
Tue Jan 20 04:47:59 2015
Here is the message: Tue Jan 20 04:47:59 2015

Amount of Bytes received 26
Tue Jan 20 04:48:02 2015
Here is the message: Tue Jan 20 04:48:02 2015

Amount of Bytes received 26
Tue Jan 20 04:48:05 2015
Here is the message: Tue Jan 20 04:48:05 2015

Amount of Bytes received 26
Tue Jan 20 04:48:08 2015
Here is the message: Tue Jan 20 04:48:08 2015

Amount of Bytes received 26
Tue Jan 20 04:48:11 2015
Here is the message: Tue Jan 20 04:48:11 2015

Amount of Bytes received 26
Tue Jan 20 04:48:14 2015
Here is the message: Tue Jan 20 04:48:14 2015

Amount of Bytes received 26
Tue Jan 20 04:48:17 2015
Here is the message: Tue Jan 20 04:48:17 2015

Amount of Bytes received 26
Tue Jan 20 04:48:20 2015
Here is the message: Tue Jan 20 04:48:20 2015

Amount of Bytes received 26
Tue Jan 20 04:48:23 2015
Here is the message: Tue Jan 20 04:48:23 2015

Amount of Bytes received 26
Tue Jan 20 04:48:26 2015
Here is the message: Tue Jan 20 04:48:26 2015

Amount of Bytes received 26
Tue Jan 20 04:48:29 2015
Here is the message: Tue Jan 20 04:48:29 2015

Amount of Bytes received 26
Tue Jan 20 04:48:32 2015
Here is the message: Tue Jan 20 04:48:32 2015

Amount of Bytes received 26
Tue Jan 20 04:48:35 2015
Here is the message: Tue Jan 20 04:48:35 2015

Amount of Bytes received 26
Tue Jan 20 04:48:38 2015
Here is the message: Tue Jan 20 04:48:38 2015

Amount of Bytes received 26
Tue Jan 20 04:48:41 2015
Here is the message: Tue Jan 20 04:48:41 2015

Amount of Bytes received 26
Tue Jan 20 04:48:44 2015
Here is the message: Tue Jan 20 04:48:44 2015

Amount of Bytes received 26
Tue Jan 20 04:48:47 2015
Here is the message: Tue Jan 20 04:48:47 2015

Amount of Bytes received 26
Tue Jan 20 04:48:50 2015
Here is the message: Tue Jan 20 04:48:50 2015

Amount of Bytes received 26
Tue Jan 20 04:48:53 2015
Here is the message: Tue Jan 20 04:48:53 2015

Amount of Bytes received 26
Tue Jan 20 04:48:56 2015
Here is the message: Tue Jan 20 04:48:56 2015

Amount of Bytes received 26
Tue Jan 20 04:48:59 2015
Here is the message: Tue Jan 20 04:48:59 2015

Amount of Bytes received 26
Tue Jan 20 04:49:02 2015
Here is the message: Tue Jan 20 04:49:02 2015

Amount of Bytes received 26
Tue Jan 20 04:49:05 2015
Here is the message: Tue Jan 20 04:49:05 2015

Amount of Bytes received 26
Tue Jan 20 04:49:09 2015
Here is the message: Tue Jan 20 04:49:09 2015

Amount of Bytes received 26
Tue Jan 20 04:49:12 2015
Here is the message: Tue Jan 20 04:49:12 2015

Amount of Bytes received 26
Tue Jan 20 04:49:15 2015
Here is the message: Tue Jan 20 04:49:15 2015

Amount of Bytes received 26
Tue Jan 20 04:49:18 2015
Here is the message: Tue Jan 20 04:49:18 2015

Amount of Bytes received 26
Tue Jan 20 04:49:21 2015
Here is the message: Tue Jan 20 04:49:21 2015

Amount of Bytes received 26
Tue Jan 20 04:49:24 2015
Here is the message: Tue Jan 20 04:49:24 2015

Amount of Bytes received 26
Tue Jan 20 04:49:27 2015
Here is the message: Tue Jan 20 04:49:27 2015

Amount of Bytes received 26
Tue Jan 20 04:49:30 2015
Here is the message: Tue Jan 20 04:49:30 2015

Amount of Bytes received 26
Tue Jan 20 04:49:33 2015
Here is the message: Tue Jan 20 04:49:33 2015

Amount of Bytes received 26
Tue Jan 20 04:49:36 2015
Here is the message: Tue J[KPI::MAIN] START
Constructing BaseThread ...
[KPI::THREAD] START
Tue Jan 20 04:49:06 2015
Here is the message: Tue Jan 20 04:49:06 2015

Amount of Bytes received 26
Tue Jan 20 04:49:09 2015
Here is the message: Tue Jan 20 04:49:09 2015

Amount of Bytes received 26
Tue Jan 20 04:49:12 2015
Here is the message: Tue Jan 20 04:49:12 2015

Amount of Bytes received 26
Tue Jan 20 04:49:15 2015
Here is the message: Tue Jan 20 04:49:15 2015

Amount of Bytes received 26
Tue Jan 20 04:49:18 2015
Here is the message: Tue Jan 20 04:49:18 2015

Amount of Bytes received 26
Tue Jan 20 04:49:21 2015
Here is the message: Tue Jan 20 04:49:21 2015

Amount of Bytes received 26
Tue Jan 20 04:49:24 2015
Here is the message: Tue Jan 20 04:49:24 2015

Amount of Bytes received 26
Tue Jan 20 04:49:27 2015
Here is the message: Tue Jan 20 04:49:27 2015

Amount of Bytes received 26
Tue Jan 20 04:49:30 2015
Here is the message: Tue Jan 20 04:49:30 2015

Amount of Bytes received 26
Tue Jan 20 04:49:33 2015
Here is the message: Tue Jan 20 04:49:33 2015

Amount of Bytes received 26
Tue Jan 20 04:49:36 2015
Here is the message: Tue Jan 20 04:49:36 2015

Amount of Bytes received 26
Tue Jan 20 04:49:39 2015
Here is the message: Tue Jan 20 04:49:39 2015

Amount of Bytes received 26
Tue Jan 20 04:49:42 2015
Here is the message: Tue Jan 20 04:49:42 2015

Amount of Bytes received 26
Tue Jan 20 04:49:45 2015
Here is the message: Tue Jan 20 04:49:45 2015

Amount of Bytes received 26
Tue Jan 20 04:49:48 2015
Here is the message: Tue Jan 20 04:49:48 2015

Amount of Bytes received 26
Tue Jan 20 04:49:51 2015
Here is the message: Tue Jan 20 04:49:51 2015

Amount of Bytes received 26
Tue Jan 20 04:49:54 2015
Here is the message: Tue Jan 20 04:49:54 2015

Amount of Bytes received 26
Tue Jan 20 04:49:57 2015
Here is the message: Tue Jan 20 04:49:57 2015

Amount of Bytes received 26
Tue Jan 20 04:50:00 2015
Here is the message: Tue Jan 20 04:50:00 2015

Amount of Bytes received 26
Tue Jan 20 04:50:03 2015
Here is the message: Tue Jan 20 04:50:03 2015

Amount of Bytes received 26
Tue Jan 20 04:50:06 2015
Here is the message: Tue Jan 20 04:50:06 2015

Amount of Bytes received 26
Tue Jan 20 04:50:09 2015
Here is the message: Tue Jan 20 04:50:09 2015

Amount of Bytes received 26
Tue Jan 20 04:50:12 2015
Here is the message: Tue Jan 20 04:50:12 2015

Amount of Bytes received 26
Tue Jan 20 04:50:15 2015
Here is the message: Tue Jan 20 04:50:15 2015

Amount of Bytes received 26
Tue Jan 20 04:50:18 2015
Here is the message: Tue Jan 20 04:50:18 2015

Amount of Bytes received 26
Tue Jan 20 04:50:21 2015
Here is the message: Tue Jan 20 04:50:21 2015

Amount of Bytes received 26
Tue Jan 20 04:50:24 2015
Here is the message: Tue Jan 20 04:50:24 2015

Amount of Bytes received 26
Tue Jan 20 04:50:27 2015
Here is the message: Tue Jan 20 04:50:27 2015

Amount of Bytes received 26
Tue Jan 20 04:50:30 2015
Here is the message: Tue Jan 20 04:50:30 2015

Amount of Bytes received 26
Tue Jan 20 04:50:33 2015
Here is the message: Tue Jan 20 04:50:33 2015

Amount of Bytes received 26
Tue Jan 20 04:50:36 2015
Here is the message: Tue Jan 20 04:50:36 2015

Amount of Bytes received 26
Tue Jan 20 04:50:39 2015
Here is the message: Tue Jan 20 04:50:39 2015

Amount of Bytes received 26
Tue Jan 20 04:50:42 2015
Here is the message: Tue Jan 20 04:50:42 2015

Amount of Bytes received 26
Tue Jan 20 04:50:45 2015
Here is the message: Tue Jan 20 04:50:45 2015

Amount of Bytes received 26
Tue Jan 20 04:50:48 2015
Here is the message: Tue Jan 20 04:50:48 2015

Amount of Bytes received 26
Tue Jan 20 04:50:51 2015
Here is the message: Tue Jan 20 04:50:51 2015

Amount of Bytes received 26
Tue Jan 20 04:50:54 2015
Here is the message: Tue Jan 20 04:50:54 2015

Amount of Bytes received 26
Tue Jan 20 04:50:57 2015
Here is the message: Tue Jan 20 04:50:57 2015

Amount of Bytes received 26
Tue Jan 20 04:51:00 2015
Here is the message: Tue Jan 20 04:51:00 2015

Amount of Bytes received 26
Tue Jan 20 04:51:03 2015
Here is the message: Tue J[KPI::MAIN] START
Constructing BaseThread ...
[KPI::THREAD] START
Tue Jan 20 04:49:08 2015
Here is the message: Tue Jan 20 04:49:08 2015

Amount of Bytes received 26
Tue Jan 20 04:49:11 2015
Here is the message: Tue Jan 20 04:49:11 2015

Amount of Bytes received 26
Tue Jan 20 04:49:14 2015
Here is the message: Tue Jan 20 04:49:14 2015

Amount of Bytes received 26
Tue Jan 20 04:49:17 2015
Here is the message: Tue Jan 20 04:49:17 2015

Amount of Bytes received 26
Tue Jan 20 04:49:20 2015
Here is the message: Tue Jan 20 04:49:20 2015

Amount of Bytes received 26
Tue Jan 20 04:49:23 2015
Here is the message: Tue Jan 20 04:49:23 2015

Amount of Bytes received 26
Tue Jan 20 04:49:26 2015
Here is the message: Tue Jan 20 04:49:26 2015

Amount of Bytes received 26
Tue Jan 20 04:49:29 2015
Here is the message: Tue Jan 20 04:49:29 2015

Amount of Bytes received 26
Tue Jan 20 04:49:32 2015
Here is the message: Tue Jan 20 04:49:32 2015

Amount of Bytes received 26
Tue Jan 20 04:49:35 2015
Here is the message: Tue Jan 20 04:49:35 2015

Amount of Bytes received 26
Tue Jan 20 04:49:38 2015
Here is the message: Tue Jan 20 04:49:38 2015

Amount of Bytes received 26
Tue Jan 20 04:49:41 2015
Here is the message: Tue Jan 20 04:49:41 2015

Amount of Bytes received 26
Tue Jan 20 04:49:44 2015
Here is the message: Tue Jan 20 04:49:44 2015

Amount of Bytes received 26
Tue Jan 20 04:49:47 2015
Here is the message: Tue Jan 20 04:49:47 2015

Amount of Bytes received 26
Tue Jan 20 04:49:50 2015
Here is the message: Tue Jan 20 04:49:50 2015

Amount of Bytes received 26
Tue Jan 20 04:49:53 2015
Here is the message: Tue Jan 20 04:49:53 2015

Amount of Bytes received 26
Tue Jan 20 04:49:56 2015
Here is the message: Tue Jan 20 04:49:56 2015

Amount of Bytes received 26
Tue Jan 20 04:49:59 2015
Here is the message: Tue Jan 20 04:49:59 2015

Amount of Bytes received 26
Tue Jan 20 04:50:02 2015
Here is the message: Tue Jan 20 04:50:02 2015

Amount of Bytes received 26
Tue Jan 20 04:50:05 2015
Here is the message: Tue Jan 20 04:50:05 2015

Amount of Bytes received 26
Tue Jan 20 04:50:08 2015
Here is the message: Tue Jan 20 04:50:08 2015

Amount of Bytes received 26
Tue Jan 20 04:50:11 2015
Here is the message: Tue Jan 20 04:50:11 2015

Amount of Bytes received 26
Tue Jan 20 04:50:14 2015
Here is the message: Tue Jan 20 04:50:14 2015

Amount of Bytes received 26
Tue Jan 20 04:50:17 2015
Here is the message: Tue Jan 20 04:50:17 2015

Amount of Bytes received 26
Tue Jan 20 04:50:20 2015
Here is the message: Tue Jan 20 04:50:20 2015

Amount of Bytes received 26
Tue Jan 20 04:50:23 2015
Here is the message: Tue Jan 20 04:50:23 2015

Amount of Bytes received 26
Tue Jan 20 04:50:26 2015
Here is the message: Tue Jan 20 04:50:26 2015

Amount of Bytes received 26
Tue Jan 20 04:50:29 2015
Here is the message: Tue Jan 20 04:50:29 2015

Amount of Bytes received 26
Tue Jan 20 04:50:32 2015
Here is the message: Tue Jan 20 04:50:32 2015

Amount of Bytes received 26
Tue Jan 20 04:50:35 2015
Here is the message: Tue Jan 20 04:50:35 2015

Amount of Bytes received 26
Tue Jan 20 04:50:38 2015
Here is the message: Tue Jan 20 04:50:38 2015

Amount of Bytes received 26
Tue Jan 20 04:50:41 2015
Here is the message: Tue Jan 20 04:50:41 2015

Amount of Bytes received 26
Tue Jan 20 04:50:44 2015
Here is the message: Tue Jan 20 04:50:44 2015

Amount of Bytes received 26
Tue Jan 20 04:50:47 2015
Here is the message: Tue Jan 20 04:50:47 2015

Amount of Bytes received 26
Tue Jan 20 04:50:50 2015
Here is the message: Tue Jan 20 04:50:50 2015

Amount of Bytes received 26
Tue Jan 20 04:50:53 2015
Here is the message: Tue Jan 20 04:50:53 2015

Amount of Bytes received 26
Tue Jan 20 04:50:56 2015
Here is the message: Tue Jan 20 04:50:56 2015

Amount of Bytes received 26
Tue Jan 20 04:50:59 2015
Here is the message: Tue Jan 20 04:50:59 2015

Amount of Bytes received 26
Tue Jan 20 04:51:02 2015
Here is the message: Tue Jan 20 04:51:02 2015

Amount of Bytes received 26
Tue Jan 20 04:51:05 2015
Here is the message: Tue J[KPI::MAIN] START
Constructing BaseThread ...
[KPI::THREAD] START
Tue Jan 20 04:49:11 2015
Here is the message: Tue Jan 20 04:49:11 2015

Amount of Bytes received 26
Tue Jan 20 04:49:14 2015
Here is the message: Tue Jan 20 04:49:14 2015

Amount of Bytes received 26
Tue Jan 20 04:49:17 2015
Here is the message: Tue Jan 20 04:49:17 2015

Amount of Bytes received 26
Tue Jan 20 04:49:20 2015
Here is the message: Tue Jan 20 04:49:20 2015

Amount of Bytes received 26
Tue Jan 20 04:49:23 2015
Here is the message: Tue Jan 20 04:49:23 2015

Amount of Bytes received 26
Tue Jan 20 04:49:26 2015
Here is the message: Tue Jan 20 04:49:26 2015

Amount of Bytes received 26
Tue Jan 20 04:49:29 2015
Here is the message: Tue Jan 20 04:49:29 2015

Amount of Bytes received 26
Tue Jan 20 04:49:32 2015
Here is the message: Tue Jan 20 04:49:32 2015

Amount of Bytes received 26
Tue Jan 20 04:49:35 2015
Here is the message: Tue Jan 20 04:49:35 2015

Amount of Bytes received 26
Tue Jan 20 04:49:38 2015
Here is the message: Tue Jan 20 04:49:38 2015

Amount of Bytes received 26
Tue Jan 20 04:49:41 2015
Here is the message: Tue Jan 20 04:49:41 2015

Amount of Bytes received 26
Tue Jan 20 04:49:44 2015
Here is the message: Tue Jan 20 04:49:44 2015

Amount of Bytes received 26
Tue Jan 20 04:49:47 2015
Here is the message: Tue Jan 20 04:49:47 2015

Amount of Bytes received 26
Tue Jan 20 04:49:50 2015
Here is the message: Tue Jan 20 04:49:50 2015

Amount of Bytes received 26
Tue Jan 20 04:49:53 2015
Here is the message: Tue Jan 20 04:49:53 2015

Amount of Bytes received 26
Tue Jan 20 04:49:56 2015
Here is the message: Tue Jan 20 04:49:56 2015

Amount of Bytes received 26
Tue Jan 20 04:49:59 2015
Here is the message: Tue Jan 20 04:49:59 2015

Amount of Bytes received 26
Tue Jan 20 04:50:02 2015
Here is the message: Tue Jan 20 04:50:02 2015

Amount of Bytes received 26
Tue Jan 20 04:50:05 2015
Here is the message: Tue Jan 20 04:50:05 2015

Amount of Bytes received 26
Tue Jan 20 04:50:08 2015
Here is the message: Tue Jan 20 04:50:08 2015

Amount of Bytes received 26
Tue Jan 20 04:50:11 2015
Here is the message: Tue Jan 20 04:50:11 2015

Amount of Bytes received 26
Tue Jan 20 04:50:14 2015
Here is the message: Tue Jan 20 04:50:14 2015

Amount of Bytes received 26
Tue Jan 20 04:50:17 2015
Here is the message: Tue Jan 20 04:50:17 2015

Amount of Bytes received 26
Tue Jan 20 04:50:20 2015
Here is the message: Tue Jan 20 04:50:20 2015

Amount of Bytes received 26
Tue Jan 20 04:50:23 2015
Here is the message: Tue Jan 20 04:50:23 2015

Amount of Bytes received 26
Tue Jan 20 04:50:26 2015
Here is the message: Tue Jan 20 04:50:26 2015

Amount of Bytes received 26
Tue Jan 20 04:50:29 2015
Here is the message: Tue Jan 20 04:50:29 2015

Amount of Bytes received 26
Tue Jan 20 04:50:32 2015
Here is the message: Tue Jan 20 04:50:32 2015

Amount of Bytes received 26
Tue Jan 20 04:50:35 2015
Here is the message: Tue Jan 20 04:50:35 2015

Amount of Bytes received 26
Tue Jan 20 04:50:38 2015
Here is the message: Tue Jan 20 04:50:38 2015

Amount of Bytes received 26
Tue Jan 20 04:50:41 2015
Here is the message: Tue Jan 20 04:50:41 2015

Amount of Bytes received 26
Tue Jan 20 04:50:44 2015
Here is the message: Tue Jan 20 04:50:44 2015

Amount of Bytes received 26
Tue Jan 20 04:50:47 2015
Here is the message: Tue Jan 20 04:50:47 2015

Amount of Bytes received 26
Tue Jan 20 04:50:50 2015
Here is the message: Tue Jan 20 04:50:50 2015

Amount of Bytes received 26
Tue Jan 20 04:50:53 2015
Here is the message: Tue Jan 20 04:50:53 2015

Amount of Bytes received 26
Tue Jan 20 04:50:56 2015
Here is the message: Tue Jan 20 04:50:56 2015

Amount of Bytes received 26
Tue Jan 20 04:50:59 2015
Here is the message: Tue Jan 20 04:50:59 2015

Amount of Bytes received 26
Tue Jan 20 04:51:02 2015
Here is the message: Tue Jan 20 04:51:02 2015

Amount of Bytes received 26
Tue Jan 20 04:51:05 2015
Here is the message: Tue Jan 20 04:51:05 2015

Amount of Bytes received 26
Tue Jan 20 04:51:08 2015
Here is the message: Tue Jan 20 04:49:24 2015

Amount of Bytes received 26
Tue Jan 20 04:49:27 2015
Here is the message: Tue Jan 20 04:49:27 2015

Amount of Bytes received 26
Tue Jan 20 04:49:30 2015
Here is the message: Tue Jan 20 04:49:30 2015

Amount of Bytes received 26
Tue Jan 20 04:49:33 2015
Here is the message: Tue Jan 20 04:49:33 2015

Amount of Bytes received 26
Tue Jan 20 04:49:36 2015
Here is the message: Tue Jan 20 04:49:36 2015

Amount of Bytes received 26
Tue Jan 20 04:49:39 2015
Here is the message: Tue Jan 20 04:49:39 2015

Amount of Bytes received 26
Tue Jan 20 04:49:42 2015
Here is the message: Tue Jan 20 04:49:42 2015

Amount of Bytes received 26
Tue Jan 20 04:49:45 2015
Here is the message: Tue Jan 20 04:49:45 2015

Amount of Bytes received 26
Tue Jan 20 04:49:48 2015
Here is the message: Tue Jan 20 04:49:48 2015

Amount of Bytes received 26
Tue Jan 20 04:49:51 2015
Here is the message: Tue Jan 20 04:49:51 2015

Amount of Bytes received 26
Tue Jan 20 04:49:54 2015
Here is the message: Tue Jan 20 04:49:54 2015

Amount of Bytes received 26
Tue Jan 20 04:49:57 2015
Here is the message: Tue Jan 20 04:49:57 2015

Amount of Bytes received 26
Tue Jan 20 04:50:00 2015
Here is the message: Tue Jan 20 04:50:00 2015

Amount of Bytes received 26
Tue Jan 20 04:50:03 2015
Here is the message: Tue Jan 20 04:50:03 2015

Amount of Bytes received 26
Tue Jan 20 04:50:06 2015
Here is the message: Tue Jan 20 04:50:06 2015

Amount of Bytes received 26
Tue Jan 20 04:50:09 2015
Here is the message: Tue Jan 20 04:50:09 2015

Amount of Bytes received 26
Tue Jan 20 04:50:12 2015
Here is the message: Tue Jan 20 04:50:12 2015

Amount of Bytes received 26
Tue Jan 20 04:50:15 2015
Here is the message: Tue Jan 20 04:50:15 2015

Amount of Bytes received 26
Tue Jan 20 04:50:18 2015
Here is the message: Tue Jan 20 04:50:18 2015

Amount of Bytes received 26
Tue Jan 20 04:50:21 2015
Here is the message: Tue Jan 20 04:50:21 2015

Amount of Bytes received 26
Tue Jan 20 04:50:24 2015
Here is the message: Tue Jan 20 04:50:24 2015

Amount of Bytes received 26
Tue Jan 20 04:50:27 2015
Here is the message: Tue Jan 20 04:50:27 2015

Amount of Bytes received 26
Tue Jan 20 04:50:30 2015
Here is the message: Tue Jan 20 04:50:30 2015

Amount of Bytes received 26
Tue Jan 20 04:50:33 2015
Here is the message: Tue Jan 20 04:50:33 2015

Amount of Bytes received 26
Tue Jan 20 04:50:37 2015
Here is the message: Tue Jan 20 04:50:37 2015

Amount of Bytes received 26
Tue Jan 20 04:50:40 2015
Here is the message: Tue Jan 20 04:50:40 2015

Amount of Bytes received 26
Tue Jan 20 04:50:43 2015
Here is the message: Tue Jan 20 04:50:43 2015

Amount of Bytes received 26
Tue Jan 20 04:50:46 2015
Here is the message: Tue Jan 20 04:50:46 2015

Amount of Bytes received 26
Tue Jan 20 04:50:49 2015
Here is the message: Tue Jan 20 04:50:49 2015

Amount of Bytes received 26
Tue Jan 20 04:50:52 2015
Here is the message: Tue Jan 20 04:50:52 2015

Amount of Bytes received 26
Tue Jan 20 04:50:55 2015
Here is the message: Tue Jan 20 04:50:55 2015

Amount of Bytes received 26
Tue Jan 20 04:50:58 2015
Here is the message: Tue Jan 20 04:50:58 2015

Amount of Bytes received 26
Tue Jan 20 04:51:01 2015
Here is the message: Tue Jan 20 04:51:01 2015

Amount of Bytes received 26
Tue Jan 20 04:51:04 2015
Here is the message: Tue Jan 20 04:51:04 2015

Amount of Bytes received 26
Tue Jan 20 04:51:07 2015
Here is the message: Tue Jan 20 04:51:07 2015

Amount of Bytes received 26
Tue Jan 20 04:51:10 2015
Here is the message: Tue Jan 20 04:51:10 2015

Amount of Bytes received 26
Tue Jan 20 04:51:13 2015
Here is the message: Tue Jan 20 04:51:13 2015

Amount of Bytes received 26
Tue Jan 20 04:51:16 2015
Here is the message: Tue Jan 20 04:51:16 2015

Amount of Bytes received 26
Tue Jan 20 04:51:19 2015
Here is the message: Tue Jan 20 04:51:19 2015

Amount of Bytes received 26
Tue Jan 20 04:51:22 2015
Here is the message: Tue Jan 20 04:51:22 2015

Amount of Bytes received 26
Tue Jan 20 04:51:25 2015
Here is the message: Tue Jan 20 04:51:25 2an 20 04:49:36 2015

Amount of Bytes received 26
Tue Jan 20 04:49:39 2015
Here is the message: Tue Jan 20 04:49:39 2015

Amount of Bytes received 26
Tue Jan 20 04:49:42 2015
Here is the message: Tue Jan 20 04:49:42 2015

Amount of Bytes received 26
Tue Jan 20 04:49:45 2015
Here is the message: Tue Jan 20 04:49:45 2015

Amount of Bytes received 26
Tue Jan 20 04:49:48 2015
Here is the message: Tue Jan 20 04:49:48 2015

Amount of Bytes received 26
Tue Jan 20 04:49:51 2015
Here is the message: Tue Jan 20 04:49:51 2015

Amount of Bytes received 26
Tue Jan 20 04:49:54 2015
Here is the message: Tue Jan 20 04:49:54 2015

Amount of Bytes received 26
Tue Jan 20 04:49:57 2015
Here is the message: Tue Jan 20 04:49:57 2015

Amount of Bytes received 26
Tue Jan 20 04:50:00 2015
Here is the message: Tue Jan 20 04:50:00 2015

Amount of Bytes received 26
Tue Jan 20 04:50:03 2015
Here is the message: Tue Jan 20 04:50:03 2015

Amount of Bytes received 26
Tue Jan 20 04:50:06 2015
Here is the message: Tue Jan 20 04:50:06 2015

Amount of Bytes received 26
Tue Jan 20 04:50:09 2015
Here is the message: Tue Jan 20 04:50:09 2015

Amount of Bytes received 26
Tue Jan 20 04:50:12 2015
Here is the message: Tue Jan 20 04:50:12 2015

Amount of Bytes received 26
Tue Jan 20 04:50:15 2015
Here is the message: Tue Jan 20 04:50:15 2015

Amount of Bytes received 26
Tue Jan 20 04:50:18 2015
Here is the message: Tue Jan 20 04:50:18 2015

Amount of Bytes received 26
Tue Jan 20 04:50:21 2015
Here is the message: Tue Jan 20 04:50:21 2015

Amount of Bytes received 26
Tue Jan 20 04:50:24 2015
Here is the message: Tue Jan 20 04:50:24 2015

Amount of Bytes received 26
Tue Jan 20 04:50:27 2015
Here is the message: Tue Jan 20 04:50:27 2015

Amount of Bytes received 26
Tue Jan 20 04:50:30 2015
Here is the message: Tue Jan 20 04:50:30 2015

Amount of Bytes received 26
Tue Jan 20 04:50:33 2015
Here is the message: Tue Jan 20 04:50:33 2015

Amount of Bytes received 26
Tue Jan 20 04:50:36 2015
Here is the message: Tue Jan 20 04:50:36 2015

Amount of Bytes received 26
Tue Jan 20 04:50:39 2015
Here is the message: Tue Jan 20 04:50:39 2015

Amount of Bytes received 26
Tue Jan 20 04:50:42 2015
Here is the message: Tue Jan 20 04:50:42 2015

Amount of Bytes received 26
Tue Jan 20 04:50:45 2015
Here is the message: Tue Jan 20 04:50:45 2015

Amount of Bytes received 26
Tue Jan 20 04:50:48 2015
Here is the message: Tue Jan 20 04:50:48 2015

Amount of Bytes received 26
Tue Jan 20 04:50:51 2015
Here is the message: Tue Jan 20 04:50:51 2015

Amount of Bytes received 26
Tue Jan 20 04:50:54 2015
Here is the message: Tue Jan 20 04:50:54 2015

Amount of Bytes received 26
Tue Jan 20 04:50:57 2015
Here is the message: Tue Jan 20 04:50:57 2015

Amount of Bytes received 26
Tue Jan 20 04:51:00 2015
Here is the message: Tue Jan 20 04:51:00 2015

Amount of Bytes received 26
Tue Jan 20 04:51:03 2015
Here is the message: Tue Jan 20 04:51:03 2015

Amount of Bytes received 26
Tue Jan 20 04:51:06 2015
Here is the message: Tue Jan 20 04:51:06 2015

Amount of Bytes received 26
Tue Jan 20 04:51:09 2015
Here is the message: Tue Jan 20 04:51:09 2015

Amount of Bytes received 26
Tue Jan 20 04:51:12 2015
Here is the message: Tue Jan 20 04:51:12 2015

Amount of Bytes received 26
Tue Jan 20 04:51:15 2015
Here is the message: Tue Jan 20 04:51:15 2015

Amount of Bytes received 26
Tue Jan 20 04:51:18 2015
Here is the message: Tue Jan 20 04:51:18 2015

Amount of Bytes received 26
Tue Jan 20 04:51:21 2015
Here is the message: Tue Jan 20 04:51:21 2015

Amount of Bytes received 26
Tue Jan 20 04:51:24 2015
Here is the message: Tue Jan 20 04:51:24 2015

Amount of Bytes received 26
Tue Jan 20 04:51:27 2015
Here is the message: Tue Jan 20 04:51:27 2015

Amount of Bytes received 26
Tue Jan 20 04:51:30 2015
Here is the message: Tue Jan 20 04:51:30 2015

Amount of Bytes received 26
Tue Jan 20 04:51:33 2015
Here is the message: Tue Jan 20 04:51:33 2015

Amount of Bytes received 26
Tue Jan 20 04:51:36 2015
Here is the message: Tue Jan 20 04:51:36 2an 20 04:51:03 2015

Amount of Bytes received 26
Tue Jan 20 04:51:06 2015
Here is the message: Tue Jan 20 04:51:06 2015

Amount of Bytes received 26
Tue Jan 20 04:51:09 2015
Here is the message: Tue Jan 20 04:51:09 2015

Amount of Bytes received 26
Tue Jan 20 04:51:12 2015
Here is the message: Tue Jan 20 04:51:12 2015

Amount of Bytes received 26
Tue Jan 20 04:51:15 2015
Here is the message: Tue Jan 20 04:51:15 2015

Amount of Bytes received 26
Tue Jan 20 04:51:18 2015
Here is the message: Tue Jan 20 04:51:18 2015

Amount of Bytes received 26
Tue Jan 20 04:51:21 2015
Here is the message: Tue Jan 20 04:51:21 2015

Amount of Bytes received 26
Tue Jan 20 04:51:24 2015
Here is the message: Tue Jan 20 04:51:24 2015

Amount of Bytes received 26
Tue Jan 20 04:51:27 2015
Here is the message: Tue Jan 20 04:51:27 2015

Amount of Bytes received 26
Tue Jan 20 04:51:30 2015
Here is the message: Tue Jan 20 04:51:30 2015

Amount of Bytes received 26
Tue Jan 20 04:51:33 2015
Here is the message: Tue Jan 20 04:51:33 2015

Amount of Bytes received 26
Tue Jan 20 04:51:36 2015
Here is the message: Tue Jan 20 04:51:36 2015

Amount of Bytes received 26
Tue Jan 20 04:51:39 2015
Here is the message: Tue Jan 20 04:51:39 2015

Amount of Bytes received 26
Tue Jan 20 04:51:42 2015
Here is the message: Tue Jan 20 04:51:42 2015

Amount of Bytes received 26
Tue Jan 20 04:51:45 2015
Here is the message: Tue Jan 20 04:51:45 2015

Amount of Bytes received 26
Tue Jan 20 04:51:48 2015
Here is the message: Tue Jan 20 04:51:48 2015

Amount of Bytes received 26
Tue Jan 20 04:51:51 2015
Here is the message: Tue Jan 20 04:51:51 2015

Amount of Bytes received 26
Tue Jan 20 04:51:54 2015
Here is the message: Tue Jan 20 04:51:54 2015

Amount of Bytes received 26
Tue Jan 20 04:51:57 2015
Here is the message: Tue Jan 20 04:51:57 2015

Amount of Bytes received 26
Tue Jan 20 04:52:00 2015
Here is the message: Tue Jan 20 04:52:00 2015

Amount of Bytes received 26
Tue Jan 20 04:52:03 2015
Here is the message: Tue Jan 20 04:52:03 2015

Amount of Bytes received 26
Tue Jan 20 04:52:06 2015
Here is the message: Tue Jan 20 04:52:06 2015

Amount of Bytes received 26
Tue Jan 20 04:52:09 2015
Here is the message: Tue Jan 20 04:52:09 2015

Amount of Bytes received 26
Tue Jan 20 04:52:12 2015
Here is the message: Tue Jan 20 04:52:12 2015

Amount of Bytes received 26
Tue Jan 20 04:52:15 2015
Here is the message: Tue Jan 20 04:52:15 2015

Amount of Bytes received 26
Tue Jan 20 04:52:18 2015
Here is the message: Tue Jan 20 04:52:18 2015

Amount of Bytes received 26
Tue Jan 20 04:52:21 2015
Here is the message: Tue Jan 20 04:52:21 2015

Amount of Bytes received 26
Tue Jan 20 04:52:24 2015
Here is the message: Tue Jan 20 04:52:24 2015

Amount of Bytes received 26
Tue Jan 20 04:52:27 2015
Here is the message: Tue Jan 20 04:52:27 2015

Amount of Bytes received 26
Tue Jan 20 04:52:30 2015
Here is the message: Tue Jan 20 04:52:30 2015

Amount of Bytes received 26
Tue Jan 20 04:52:33 2015
Here is the message: Tue Jan 20 04:52:33 2015

Amount of Bytes received 26
Tue Jan 20 04:52:36 2015
Here is the message: Tue Jan 20 04:52:36 2015

Amount of Bytes received 26
Tue Jan 20 04:52:39 2015
Here is the message: Tue Jan 20 04:52:39 2015

Amount of Bytes received 26
Tue Jan 20 04:52:42 2015
Here is the message: Tue Jan 20 04:52:42 2015

Amount of Bytes received 26
Tue Jan 20 04:52:45 2015
Here is the message: Tue Jan 20 04:52:45 2015

Amount of Bytes received 26
Tue Jan 20 04:52:48 2015
Here is the message: Tue Jan 20 04:52:48 2015

Amount of Bytes received 26
Tue Jan 20 04:52:51 2015
Here is the message: Tue Jan 20 04:52:51 2015

Amount of Bytes received 26
Tue Jan 20 04:52:54 2015
Here is the message: Tue Jan 20 04:52:54 2015

Amount of Bytes received 26
Tue Jan 20 04:52:57 2015
Here is the message: Tue Jan 20 04:52:57 2015

Amount of Bytes received 26
Tue Jan 20 04:53:00 2015
Here is the message: Tue Jan 20 04:53:00 2015

Amount of Bytes received 26
Tue Jan 20 04:53:03 2015
Here is the message: Tue Jan 20 04:53:03 2an 20 04:51:05 2015

Amount of Bytes received 26
Tue Jan 20 04:51:08 2015
Here is the message: Tue Jan 20 04:51:08 2015

Amount of Bytes received 26
Tue Jan 20 04:51:11 2015
Here is the message: Tue Jan 20 04:51:11 2015

Amount of Bytes received 26
Tue Jan 20 04:51:14 2015
Here is the message: Tue Jan 20 04:51:14 2015

Amount of Bytes received 26
Tue Jan 20 04:51:17 2015
Here is the message: Tue Jan 20 04:51:17 2015

Amount of Bytes received 26
Tue Jan 20 04:51:20 2015
Here is the message: Tue Jan 20 04:51:20 2015

Amount of Bytes received 26
Tue Jan 20 04:51:23 2015
Here is the message: Tue Jan 20 04:51:23 2015

Amount of Bytes received 26
Tue Jan 20 04:51:26 2015
Here is the message: Tue Jan 20 04:51:26 2015

Amount of Bytes received 26
Tue Jan 20 04:51:29 2015
Here is the message: Tue Jan 20 04:51:29 2015

Amount of Bytes received 26
Tue Jan 20 04:51:32 2015
Here is the message: Tue Jan 20 04:51:32 2015

Amount of Bytes received 26
Tue Jan 20 04:51:35 2015
Here is the message: Tue Jan 20 04:51:35 2015

Amount of Bytes received 26
Tue Jan 20 04:51:38 2015
Here is the message: Tue Jan 20 04:51:38 2015

Amount of Bytes received 26
Tue Jan 20 04:51:41 2015
Here is the message: Tue Jan 20 04:51:41 2015

Amount of Bytes received 26
Tue Jan 20 04:51:44 2015
Here is the message: Tue Jan 20 04:51:44 2015

Amount of Bytes received 26
Tue Jan 20 04:51:47 2015
Here is the message: Tue Jan 20 04:51:47 2015

Amount of Bytes received 26
Tue Jan 20 04:51:50 2015
Here is the message: Tue Jan 20 04:51:50 2015

Amount of Bytes received 26
Tue Jan 20 04:51:54 2015
Here is the message: Tue Jan 20 04:51:54 2015

Amount of Bytes received 26
Tue Jan 20 04:51:57 2015
Here is the message: Tue Jan 20 04:51:57 2015

Amount of Bytes received 26
Tue Jan 20 04:52:00 2015
Here is the message: Tue Jan 20 04:52:00 2015

Amount of Bytes received 26
Tue Jan 20 04:52:03 2015
Here is the message: Tue Jan 20 04:52:03 2015

Amount of Bytes received 26
Tue Jan 20 04:52:06 2015
Here is the message: Tue Jan 20 04:52:06 2015

Amount of Bytes received 26
Tue Jan 20 04:52:09 2015
Here is the message: Tue Jan 20 04:52:09 2015

Amount of Bytes received 26
Tue Jan 20 04:52:12 2015
Here is the message: Tue Jan 20 04:52:12 2015

Amount of Bytes received 26
Tue Jan 20 04:52:15 2015
Here is the message: Tue Jan 20 04:52:15 2015

Amount of Bytes received 26
Tue Jan 20 04:52:18 2015
Here is the message: Tue Jan 20 04:52:18 2015

Amount of Bytes received 26
Tue Jan 20 04:52:21 2015
Here is the message: Tue Jan 20 04:52:21 2015

Amount of Bytes received 26
Tue Jan 20 04:52:24 2015
Here is the message: Tue Jan 20 04:52:24 2015

Amount of Bytes received 26
Tue Jan 20 04:52:27 2015
Here is the message: Tue Jan 20 04:52:27 2015

Amount of Bytes received 26
Tue Jan 20 04:52:30 2015
Here is the message: Tue Jan 20 04:52:30 2015

Amount of Bytes received 26
Tue Jan 20 04:52:33 2015
Here is the message: Tue Jan 20 04:52:33 2015

Amount of Bytes received 26
Tue Jan 20 04:52:36 2015
Here is the message: Tue Jan 20 04:52:36 2015

Amount of Bytes received 26
Tue Jan 20 04:52:39 2015
Here is the message: Tue Jan 20 04:52:39 2015

Amount of Bytes received 26
Tue Jan 20 04:52:42 2015
Here is the message: Tue Jan 20 04:52:42 2015

Amount of Bytes received 26
Tue Jan 20 04:52:45 2015
Here is the message: Tue Jan 20 04:52:45 2015

Amount of Bytes received 26
Tue Jan 20 04:52:48 2015
Here is the message: Tue Jan 20 04:52:48 2015

Amount of Bytes received 26
Tue Jan 20 04:52:51 2015
Here is the message: Tue Jan 20 04:52:51 2015

Amount of Bytes received 26
Tue Jan 20 04:52:54 2015
Here is the message: Tue Jan 20 04:52:54 2015

Amount of Bytes received 26
Tue Jan 20 04:52:57 2015
Here is the message: Tue Jan 20 04:52:57 2015

Amount of Bytes received 26
Tue Jan 20 04:53:00 2015
Here is the message: Tue Jan 20 04:53:00 2015

Amount of Bytes received 26
Tue Jan 20 04:53:03 2015
Here is the message: Tue Jan 20 04:53:03 2015

Amount of Bytes received 26
Tue Jan 20 04:53:06 2015
Here is the message: Tue Jan 20 04:53:06 2